[140.622377396] 2019-02-12 11:23:15,790 - INFO - launcher: Starting sanity checks
[140.622377396] 2019-02-12 11:23:15,790 - INFO - launcher: Checking for Python 3.5+
[140.622377396] 2019-02-12 11:23:15,790 - INFO - launcher: Checking console encoding
[140.622377396] 2019-02-12 11:23:15,790 - INFO - launcher: Setting console encoding to UTF-8
[140.622377396] 2019-02-12 11:23:15,790 - INFO - launcher: Ensuring we're in the right environment
[156.241893768] 2019-02-12 11:23:15,806 - INFO - launcher: Adding local bins/ folder to path
[2406.645536423] 2019-02-12 11:23:18,056 - INFO - launcher: Required checks passed.
[2422.269821167] 2019-02-12 11:23:18,072 - INFO - launcher: Optional checks passed.
[2422.269821167] 2019-02-12 11:23:18,072 - INFO - launcher: Moving old musicbot log

######################### PRE-RUN SANITY CHECKS PASSED #########################

[5.9704227447509766] 2019-02-12 11:23:21,620 - INFO - musicbot.config | In config.py::MainThread(2532), line 127 in run_checks: Using i18n: config/i18n/kr.json
[5.9860475063323975] 2019-02-12 11:23:21,636 - DEBUG - musicbot.bot | In bot.py::MainThread(2532), line 226 in _setup_logging: Set logging level to INFO
[5.9860475063323975] 2019-02-12 11:23:21,636 - DEBUG - musicbot.json | In json.py::MainThread(2532), line 8 in __init__: Init JSON obj with config/i18n/kr.json
[6.0485503673553467] 2019-02-12 11:23:21,698 - INFO - musicbot.bot | In bot.py::MainThread(2532), line 91 in __init__: Starting MusicBot 1.9.8_4
[6.0485503673553467] 2019-02-12 11:23:21,698 - INFO - musicbot.bot | In bot.py::MainThread(2532), line 97 in __init__: Loaded autoplaylist with 96 entries
[9.2687335014343262] 2019-02-12 11:23:24,918 - DEBUG - musicbot.bot | In bot.py::MainThread(2532), line 922 in on_ready: Connection established, ready to go.
[9.2687335014343262] 2019-02-12 11:23:24,918 - DEBUG - musicbot.bot | In bot.py::MainThread(2532), line 340 in _cache_app_info: Caching app info
[9.4927241802215576] 2019-02-12 11:23:25,142 - DEBUG - musicbot.bot | In bot.py::MainThread(2532), line 744 in _scheck_ensure_env: Ensuring data folders exist
[9.4927241802215576] 2019-02-12 11:23:25,142 - DEBUG - musicbot.bot | In bot.py::MainThread(2532), line 760 in _scheck_server_permissions: Checking server permissions
[9.4927241802215576] 2019-02-12 11:23:25,142 - DEBUG - musicbot.bot | In bot.py::MainThread(2532), line 764 in _scheck_autoplaylist: Auditing autoplaylist
[9.4927241802215576] 2019-02-12 11:23:25,142 - DEBUG - musicbot.bot | In bot.py::MainThread(2532), line 768 in _scheck_configs: Validating config
[9.4927241802215576] 2019-02-12 11:23:25,142 - DEBUG - musicbot.config | In config.py::MainThread(2532), line 217 in async_validate: Validating options...
[9.4927241802215576] 2019-02-12 11:23:25,142 - DEBUG - musicbot.bot | In bot.py::MainThread(2532), line 771 in _scheck_configs: Validating permissions config
[9.4927241802215576] 2019-02-12 11:23:25,142 - DEBUG - musicbot.permissions | In permissions.py::MainThread(2532), line 94 in async_validate: Validating permissions...
[9.4927241802215576] 2019-02-12 11:23:25,142 - INFO - musicbot.bot | In bot.py::MainThread(2532), line 939 in on_ready: Connected: 544350902648307714/음악봇#3110
[9.4927241802215576] 2019-02-12 11:23:25,142 - INFO - musicbot.bot | In bot.py::MainThread(2532), line 947 in on_ready: Owner:     419449926884392962/Koder#1974

[9.4927241802215576] 2019-02-12 11:23:25,142 - INFO - musicbot.bot | In bot.py::MainThread(2532), line 950 in on_ready: Guild List:
[9.4927241802215576] 2019-02-12 11:23:25,142 - INFO - musicbot.bot | In bot.py::MainThread(2532), line 954 in on_ready:  - 봇 채널
[9.4927241802215576] 2019-02-12 11:23:25,142 - INFO - musicbot.bot | In bot.py::MainThread(2532), line 997 in on_ready: Bound to text channels:
[9.5083515644073486] 2019-02-12 11:23:25,158 - INFO - musicbot.bot | In bot.py::MainThread(2532), line 998 in <listcomp>:  - 봇 채널/bot-command
[9.5083515644073486] 2019-02-12 11:23:25,158 - INFO - musicbot.bot | In bot.py::MainThread(2532), line 1026 in on_ready: Not autojoining any voice channels
[9.5083515644073486] 2019-02-12 11:23:25,158 - INFO - musicbot.bot | In bot.py::MainThread(2532), line 1041 in on_ready: Options:
[9.5083515644073486] 2019-02-12 11:23:25,158 - INFO - musicbot.bot | In bot.py::MainThread(2532), line 1043 in on_ready:   Command prefix: .
[9.5083515644073486] 2019-02-12 11:23:25,158 - INFO - musicbot.bot | In bot.py::MainThread(2532), line 1044 in on_ready:   Default volume: 1%
[9.5083515644073486] 2019-02-12 11:23:25,158 - INFO - musicbot.bot | In bot.py::MainThread(2532), line 1046 in on_ready:   Skip threshold: 1 votes or 50%
[9.5083515644073486] 2019-02-12 11:23:25,158 - INFO - musicbot.bot | In bot.py::MainThread(2532), line 1047 in on_ready:   Now Playing @mentions: Enabled
[9.5083515644073486] 2019-02-12 11:23:25,158 - INFO - musicbot.bot | In bot.py::MainThread(2532), line 1048 in on_ready:   Auto-Summon: Enabled
[9.5083515644073486] 2019-02-12 11:23:25,158 - INFO - musicbot.bot | In bot.py::MainThread(2532), line 1049 in on_ready:   Auto-Playlist: Enabled (order: random)
[9.5083515644073486] 2019-02-12 11:23:25,158 - INFO - musicbot.bot | In bot.py::MainThread(2532), line 1050 in on_ready:   Auto-Pause: Enabled
[9.5083515644073486] 2019-02-12 11:23:25,158 - INFO - musicbot.bot | In bot.py::MainThread(2532), line 1051 in on_ready:   Delete Messages: Enabled
[9.5083515644073486] 2019-02-12 11:23:25,158 - INFO - musicbot.bot | In bot.py::MainThread(2532), line 1053 in on_ready:     Delete Invoking: Disabled
[9.5083515644073486] 2019-02-12 11:23:25,158 - INFO - musicbot.bot | In bot.py::MainThread(2532), line 1054 in on_ready:   Debug Mode: Disabled
[9.5083515644073486] 2019-02-12 11:23:25,158 - INFO - musicbot.bot | In bot.py::MainThread(2532), line 1055 in on_ready:   Downloaded songs will be deleted
[9.5083515644073486] 2019-02-12 11:23:25,158 - INFO - musicbot.bot | In bot.py::MainThread(2532), line 1057 in on_ready:   Status message: infomation 채널에 도움말
[9.5239763259887695] 2019-02-12 11:23:25,174 - INFO - musicbot.bot | In bot.py::MainThread(2532), line 1058 in on_ready:   Write current songs to file: Enabled
[9.5239763259887695] 2019-02-12 11:23:25,174 - INFO - musicbot.bot | In bot.py::MainThread(2532), line 1059 in on_ready:   Author insta-skip: Enabled
[9.5239763259887695] 2019-02-12 11:23:25,174 - INFO - musicbot.bot | In bot.py::MainThread(2532), line 1060 in on_ready:   Embeds: Enabled
[9.5239763259887695] 2019-02-12 11:23:25,174 - INFO - musicbot.bot | In bot.py::MainThread(2532), line 1061 in on_ready:   Spotify integration: Disabled
[9.5239763259887695] 2019-02-12 11:23:25,174 - INFO - musicbot.bot | In bot.py::MainThread(2532), line 1062 in on_ready:   Legacy skip: Disabled
[9.5239763259887695] 2019-02-12 11:23:25,174 - INFO - musicbot.bot | In bot.py::MainThread(2532), line 1063 in on_ready:   Leave non owners: Disabled
